#
# A fatal error has been detected by the Java Runtime Environment:
#
#  EXCEPTION_ACCESS_VIOLATION (0xc0000005) at pc=0x00000000334f1066, pid=15016, tid=2424
#
# JRE version: Java(TM) SE Runtime Environment (8.0_51-b16) (build 1.8.0_51-b16)
# Java VM: Java HotSpot(TM) 64-Bit Server VM (25.51-b03 mixed mode windows-amd64 compressed oops)
# Problematic frame:
# C  [OpenAL64.dll+0x11066]
#
# Failed to write core dump. Minidumps are not enabled by default on client versions of Windows
#
# If you would like to submit a bug report, please visit:
#   http://bugreport.java.com/bugreport/crash.jsp
# The crash happened outside the Java Virtual Machine in native code.
# See problematic frame for where to report the bug.
#

---------------  T H R E A D  ---------------

Current thread (0x000000002b8b4000):  JavaThread "Thread-7" [_thread_in_native, id=2424, stack(0x000000003a5b0000,0x000000003a6b0000)]

siginfo: ExceptionCode=0xc0000005, reading address 0x000000002654c004

Registers:
RAX=0x0000000000000004, RBX=0x0000000040d70090, RCX=0x000000002654c008, RDX=0x000000002654c004
RSP=0x000000003a6aea00, RBP=0x00000000000000ff, RSI=0x000000002653c80c, RDI=0x0000000000000000
R8 =0x0000000000003dfe, R9 =0x000000002653c80c, R10=0x0000000003155ea8, R11=0x0000000072eb7bb0
R12=0x0000000000000001, R13=0x000000003fe84490, R14=0x000000003a6aeb98, R15=0x000000002b8b4000
RIP=0x00000000334f1066, EFLAGS=0x0000000000010202

Top of Stack: (sp=0x000000003a6aea00)
0x000000003a6aea00:   0000000000000000 0000000072d5b52b
0x000000003a6aea10:   000000002b8b4000 000000002b8b4000
0x000000003a6aea20:   000000003fe84490 0000000000000000
0x000000003a6aea30:   000000002b8b4000 0000000029579cf0
0x000000003a6aea40:   000000003fe84490 000000003a6aeb98
0x000000003a6aea50:   000000002760dd40 0000000072d49836
0x000000003a6aea60:   000000003a6af208 0000000030ddd090
0x000000003a6aea70:   000000002b8b4000 000000003a6aeb98
0x000000003a6aea80:   000000003fe84490 0000000000000000
0x000000003a6aea90:   000000002653c80c 0000000667d68c68
0x000000003a6aeaa0:   000000003a6aeb60 00000000334f248f
0x000000003a6aeab0:   0000000040d70090 0000000040d70090
0x000000003a6aeac0:   000000000000ac44 0000000600000004
0x000000003a6aead0:   0000000000000010 0000000003155ed4
0x000000003a6aeae0:   000000003fe84490 0000000003155c3d
0x000000003a6aeaf0:   000000002b8b4000 000000003fe84490 

Instructions: (pc=0x00000000334f1066)
0x00000000334f1046:   41 2b ec 81 3a 03 00 02 00 75 09 8b 01 89 84 24
0x00000000334f1056:   c8 00 00 00 49 83 c0 02 48 83 c1 08 4a 8d 14 86
0x00000000334f1066:   39 3a 75 af 4c 8d 84 24 c0 00 00 00 48 8d 15 d7
0x00000000334f1076:   2b 03 00 33 c9 e8 58 5f 00 00 b8 40 1f 00 00 4c 


Register to memory mapping:

RAX=0x0000000000000004 is an unknown value
RBX=0x0000000040d70090 is an unknown value
RCX=0x000000002654c008 is an unknown value
RDX=0x000000002654c004 is an unknown value
RSP=0x000000003a6aea00 is pointing into the stack for thread: 0x000000002b8b4000
RBP=0x00000000000000ff is an unknown value
RSI=0x000000002653c80c is an unknown value
RDI=0x0000000000000000 is an unknown value
R8 =0x0000000000003dfe is an unknown value
R9 =0x000000002653c80c is an unknown value
R10=0x0000000003155ea8 is at code_begin+840 in an Interpreter codelet
method entry point (kind = native)  [0x0000000003155b60, 0x00000000031564c0]  2400 bytes
R11=0x0000000072eb7bb0 is an unknown value
R12=0x0000000000000001 is an unknown value
R13={method} {0x000000003fe84498} 'nalcCreateContext' '(JJ)J' in 'org/lwjgl/openal/ALC10'
R14=0x000000003a6aeb98 is pointing into the stack for thread: 0x000000002b8b4000
R15=0x000000002b8b4000 is a thread


Stack: [0x000000003a5b0000,0x000000003a6b0000],  sp=0x000000003a6aea00,  free space=1018k
Native frames: (J=compiled Java code, j=interpreted, Vv=VM code, C=native code)
C  [OpenAL64.dll+0x11066]
C  [OpenAL64.dll+0x1248f]
C  0x0000000003155ed4

Java frames: (J=compiled Java code, j=interpreted, Vv=VM code)
j  org.lwjgl.openal.ALC10.nalcCreateContext(JJ)J+0
j  org.lwjgl.openal.ALC10.alcCreateContext(Lorg/lwjgl/openal/ALCdevice;Ljava/nio/IntBuffer;)Lorg/lwjgl/openal/ALCcontext;+8
j  org.lwjgl.openal.AL.init(Ljava/lang/String;IIZZ)V+69
j  org.lwjgl.openal.AL.create(Ljava/lang/String;IIZZ)V+246
j  org.lwjgl.openal.AL.create(Ljava/lang/String;IIZ)V+5
j  org.lwjgl.openal.AL.create()V+6
j  paulscode.sound.libraries.LibraryLWJGLOpenAL.init()V+2
j  paulscode.sound.SoundSystem.CommandNewLibrary(Ljava/lang/Class;)V+273
j  paulscode.sound.SoundSystem.CommandQueue(Lpaulscode/sound/CommandObject;)Z+1206
j  paulscode.sound.CommandThread.run()V+51
v  ~StubRoutines::call_stub

---------------  P R O C E S S  ---------------

Java Threads: ( => current thread )
  0x000000002b8b8800 JavaThread "Thread-8" [_thread_blocked, id=11296, stack(0x000000003f240000,0x000000003f340000)]
=>0x000000002b8b4000 JavaThread "Thread-7" [_thread_in_native, id=2424, stack(0x000000003a5b0000,0x000000003a6b0000)]
  0x000000002b8b7800 JavaThread "IC2 audio init thread" daemon [_thread_blocked, id=14548, stack(0x0000000038d90000,0x0000000038e90000)]
  0x000000002b8b6000 JavaThread "Sound Library Loader" [_thread_blocked, id=15760, stack(0x0000000028ca0000,0x0000000028da0000)]
  0x000000002b8b7000 JavaThread "pool-3-thread-1" [_thread_blocked, id=868, stack(0x0000000038b90000,0x0000000038c90000)]
  0x000000002e635800 JavaThread "ForkJoinPool.commonPool-worker-4" daemon [_thread_blocked, id=5584, stack(0x0000000038810000,0x0000000038910000)]
  0x000000002e63a800 JavaThread "ForkJoinPool.commonPool-worker-3" daemon [_thread_blocked, id=6904, stack(0x0000000038710000,0x0000000038810000)]
  0x000000002a1a6000 JavaThread "LWJGL Timer" daemon [_thread_blocked, id=11512, stack(0x0000000032d60000,0x0000000032e60000)]
  0x000000002ed42800 JavaThread "Thread-3" [_thread_blocked, id=16780, stack(0x0000000032f40000,0x0000000033040000)]
  0x0000000031b68800 JavaThread "Java2D Disposer" daemon [_thread_blocked, id=2032, stack(0x000000002c660000,0x000000002c760000)]
  0x000000002c3d2800 JavaThread "Timer hack thread" daemon [_thread_blocked, id=10212, stack(0x000000002af60000,0x000000002b060000)]
  0x00000000264b0000 JavaThread "Snooper Timer" daemon [_thread_blocked, id=6716, stack(0x0000000028650000,0x0000000028750000)]
  0x000000002627f000 JavaThread "Service Thread" daemon [_thread_blocked, id=16936, stack(0x0000000026640000,0x0000000026740000)]
  0x00000000257ef000 JavaThread "C1 CompilerThread3" daemon [_thread_in_vm, id=15180, stack(0x0000000026140000,0x0000000026240000)]
  0x00000000257ee000 JavaThread "C2 CompilerThread2" daemon [_thread_in_native, id=7048, stack(0x0000000026040000,0x0000000026140000)]
  0x00000000257ed800 JavaThread "C2 CompilerThread1" daemon [_thread_in_native, id=2728, stack(0x0000000025f40000,0x0000000026040000)]
  0x00000000257e6000 JavaThread "C2 CompilerThread0" daemon [_thread_in_native, id=16004, stack(0x0000000025e40000,0x0000000025f40000)]
  0x00000000257e5000 JavaThread "Attach Listener" daemon [_thread_blocked, id=1664, stack(0x0000000025d40000,0x0000000025e40000)]
  0x00000000257e2000 JavaThread "Signal Dispatcher" daemon [_thread_blocked, id=16356, stack(0x0000000025c40000,0x0000000025d40000)]
  0x00000000257dd800 JavaThread "Surrogate Locker Thread (Concurrent GC)" daemon [_thread_blocked, id=7172, stack(0x0000000025b40000,0x0000000025c40000)]
  0x000000002578a000 JavaThread "Finalizer" daemon [_thread_blocked, id=14380, stack(0x0000000025a40000,0x0000000025b40000)]
  0x0000000025783800 JavaThread "Reference Handler" daemon [_thread_blocked, id=15688, stack(0x0000000025940000,0x0000000025a40000)]
  0x0000000003043800 JavaThread "Client thread" [_thread_in_Java, id=8096, stack(0x0000000002f40000,0x0000000003040000)]

Other Threads:
  0x000000000313a000 VMThread [stack: 0x0000000025840000,0x0000000025940000] [id=9108]
  0x00000000262ab000 WatcherThread [stack: 0x0000000026740000,0x0000000026840000] [id=8296]

VM state:not at safepoint (normal execution)

VM Mutex/Monitor currently owned by a thread: None

Heap:
 garbage-first heap   total 5931008K, used 1037285K [0x0000000656000000, 0x00000006580005a8, 0x00000007c0000000)
  region size 32768K, 3 young (98304K), 1 survivors (32768K)
 Metaspace       used 81943K, capacity 83611K, committed 84096K, reserved 1120256K
  class space    used 12817K, capacity 13422K, committed 13440K, reserved 1048576K

Heap Regions: (Y=young(eden), SU=young(survivor), HS=humongous(starts), HC=humongous(continues), CS=collection set, F=free, TS=gc time stamp, PTAMS=previous top-at-mark-start, NTAMS=next top-at-mark-start)
AC   0  O    TS     0 PTAMS 0x0000000658000000 NTAMS 0x0000000658000000 space 32768K, 100% used [0x0000000656000000, 0x0000000658000000)
AC   0  O    TS     0 PTAMS 0x000000065a000000 NTAMS 0x000000065a000000 space 32768K, 100% used [0x0000000658000000, 0x000000065a000000)
AC   0  O    TS     5 PTAMS 0x000000065a000000 NTAMS 0x000000065a000000 space 32768K, 100% used [0x000000065a000000, 0x000000065c000000)
AC   0 HS    TS     0 PTAMS 0x000000065d000010 NTAMS 0x000000065d000010 space 32768K,  50% used [0x000000065c000000, 0x000000065e000000)
AC   0  O    TS     0 PTAMS 0x0000000660000000 NTAMS 0x0000000660000000 space 32768K, 100% used [0x000000065e000000, 0x0000000660000000)
AC   0  O    TS     7 PTAMS 0x0000000660000000 NTAMS 0x0000000660000000 space 32768K, 100% used [0x0000000660000000, 0x0000000662000000)
AC   0  O    TS     9 PTAMS 0x0000000662000000 NTAMS 0x0000000662000000 space 32768K, 100% used [0x0000000662000000, 0x0000000664000000)
AC   0  O    TS     0 PTAMS 0x0000000664c2c000 NTAMS 0x0000000664c2c000 space 32768K, 100% used [0x0000000664000000, 0x0000000666000000)
AC   0  O    TS     0 PTAMS 0x0000000668000000 NTAMS 0x0000000668000000 space 32768K, 100% used [0x0000000666000000, 0x0000000668000000)
AC   0  O    TS     0 PTAMS 0x000000066a000000 NTAMS 0x000000066a000000 space 32768K, 100% used [0x0000000668000000, 0x000000066a000000)
AC   0  O    TS    13 PTAMS 0x000000066a000000 NTAMS 0x000000066a000000 space 32768K, 100% used [0x000000066a000000, 0x000000066c000000)
AC   0  O    TS    17 PTAMS 0x000000066c000000 NTAMS 0x000000066c000000 space 32768K, 100% used [0x000000066c000000, 0x000000066e000000)
AC   0  O    TS    21 PTAMS 0x000000066e000000 NTAMS 0x000000066e000000 space 32768K, 100% used [0x000000066e000000, 0x0000000670000000)
AC   0  O    TS     0 PTAMS 0x0000000672000000 NTAMS 0x0000000672000000 space 32768K, 100% used [0x0000000670000000, 0x0000000672000000)
AC   0  O    TS    25 PTAMS 0x0000000672000000 NTAMS 0x0000000672000000 space 32768K, 100% used [0x0000000672000000, 0x0000000674000000)
AC   0  O    TS     0 PTAMS 0x0000000676000000 NTAMS 0x0000000676000000 space 32768K, 100% used [0x0000000674000000, 0x0000000676000000)
AC   0  O    TS    29 PTAMS 0x0000000676000000 NTAMS 0x0000000676000000 space 32768K, 100% used [0x0000000676000000, 0x0000000678000000)
AC   0  O    TS     3 PTAMS 0x0000000678000000 NTAMS 0x0000000678000000 space 32768K, 100% used [0x0000000678000000, 0x000000067a000000)
AC   0  O    TS     5 PTAMS 0x000000067a000000 NTAMS 0x000000067a000000 space 32768K, 100% used [0x000000067a000000, 0x000000067c000000)
AC   0  O    TS    35 PTAMS 0x000000067c000000 NTAMS 0x000000067c000000 space 32768K, 100% used [0x000000067c000000, 0x000000067e000000)
AC   0  O    TS    39 PTAMS 0x000000067e000000 NTAMS 0x000000067e000000 space 32768K, 100% used [0x000000067e000000, 0x0000000680000000)
AC   0  O    TS    43 PTAMS 0x0000000680000000 NTAMS 0x0000000680000000 space 32768K, 100% used [0x0000000680000000, 0x0000000682000000)
AC   0  O    TS    47 PTAMS 0x0000000682000000 NTAMS 0x0000000682000000 space 32768K, 100% used [0x0000000682000000, 0x0000000684000000)
AC   0  O    TS    51 PTAMS 0x0000000684000000 NTAMS 0x0000000684000000 space 32768K, 100% used [0x0000000684000000, 0x0000000686000000)
AC   0  O    TS    55 PTAMS 0x0000000686000000 NTAMS 0x0000000686000000 space 32768K, 100% used [0x0000000686000000, 0x0000000688000000)
AC   0  O    TS    77 PTAMS 0x0000000688000000 NTAMS 0x0000000688000000 space 32768K, 100% used [0x0000000688000000, 0x000000068a000000)
AC   0  O    TS    91 PTAMS 0x000000068a000000 NTAMS 0x000000068a000000 space 32768K, 100% used [0x000000068a000000, 0x000000068c000000)
AC   0  O    TS   103 PTAMS 0x000000068c000000 NTAMS 0x000000068c000000 space 32768K, 100% used [0x000000068c000000, 0x000000068e000000)
AC   0  O    TS   109 PTAMS 0x000000068e000000 NTAMS 0x000000068e000000 space 32768K, 100% used [0x000000068e000000, 0x0000000690000000)
AC   0  O    TS   125 PTAMS 0x0000000690000000 NTAMS 0x0000000690000000 space 32768K, 100% used [0x0000000690000000, 0x0000000692000000)
AC   0  O    TS   125 PTAMS 0x0000000692000000 NTAMS 0x0000000692000000 space 32768K,  15% used [0x0000000692000000, 0x0000000694000000)
AC   0  F    TS     5 PTAMS 0x0000000694000000 NTAMS 0x0000000694000000 space 32768K,   0% used [0x0000000694000000, 0x0000000696000000)
AC   0  F    TS     5 PTAMS 0x0000000696000000 NTAMS 0x0000000696000000 space 32768K,   0% used [0x0000000696000000, 0x0000000698000000)
AC   0  F    TS     5 PTAMS 0x0000000698000000 NTAMS 0x0000000698000000 space 32768K,   0% used [0x0000000698000000, 0x000000069a000000)
AC   0  F    TS     7 PTAMS 0x000000069a000000 NTAMS 0x000000069a000000 space 32768K,   0% used [0x000000069a000000, 0x000000069c000000)
AC   0  F    TS     5 PTAMS 0x000000069c000000 NTAMS 0x000000069c000000 space 32768K,   0% used [0x000000069c000000, 0x000000069e000000)
AC   0  F    TS     5 PTAMS 0x000000069e000000 NTAMS 0x000000069e000000 space 32768K,   0% used [0x000000069e000000, 0x00000006a0000000)
AC   0  F    TS     5 PTAMS 0x00000006a0000000 NTAMS 0x00000006a0000000 space 32768K,   0% used [0x00000006a0000000, 0x00000006a2000000)
AC   0  F    TS     7 PTAMS 0x00000006a2000000 NTAMS 0x00000006a2000000 space 32768K,   0% used [0x00000006a2000000, 0x00000006a4000000)
AC   0  F    TS     7 PTAMS 0x00000006a4000000 NTAMS 0x00000006a4000000 space 32768K,   0% used [0x00000006a4000000, 0x00000006a6000000)
AC   0  F    TS     7 PTAMS 0x00000006a6000000 NTAMS 0x00000006a6000000 space 32768K,   0% used [0x00000006a6000000, 0x00000006a8000000)
AC   0  F    TS     7 PTAMS 0x00000006a8000000 NTAMS 0x00000006a8000000 space 32768K,   0% used [0x00000006a8000000, 0x00000006aa000000)
AC   0  F    TS     7 PTAMS 0x00000006aa000000 NTAMS 0x00000006aa000000 space 32768K,   0% used [0x00000006aa000000, 0x00000006ac000000)
AC   0  F    TS     7 PTAMS 0x00000006ac000000 NTAMS 0x00000006ac000000 space 32768K,   0% used [0x00000006ac000000, 0x00000006ae000000)
AC   0  F    TS     7 PTAMS 0x00000006ae000000 NTAMS 0x00000006ae000000 space 32768K,   0% used [0x00000006ae000000, 0x00000006b0000000)
AC   0  F    TS     7 PTAMS 0x00000006b0000000 NTAMS 0x00000006b0000000 space 32768K,   0% used [0x00000006b0000000, 0x00000006b2000000)
AC   0  F    TS     7 PTAMS 0x00000006b2000000 NTAMS 0x00000006b2000000 space 32768K,   0% used [0x00000006b2000000, 0x00000006b4000000)
AC   0  F    TS     7 PTAMS 0x00000006b4000000 NTAMS 0x00000006b4000000 space 32768K,   0% used [0x00000006b4000000, 0x00000006b6000000)
AC   0  F    TS     7 PTAMS 0x00000006b6000000 NTAMS 0x00000006b6000000 space 32768K,   0% used [0x00000006b6000000, 0x00000006b8000000)
AC   0  F    TS     7 PTAMS 0x00000006b8000000 NTAMS 0x00000006b8000000 space 32768K,   0% used [0x00000006b8000000, 0x00000006ba000000)
AC   0  F    TS     7 PTAMS 0x00000006ba000000 NTAMS 0x00000006ba000000 space 32768K,   0% used [0x00000006ba000000, 0x00000006bc000000)
AC   0  F    TS     7 PTAMS 0x00000006bc000000 NTAMS 0x00000006bc000000 space 32768K,   0% used [0x00000006bc000000, 0x00000006be000000)
AC   0  F    TS     7 PTAMS 0x00000006be000000 NTAMS 0x00000006be000000 space 32768K,   0% used [0x00000006be000000, 0x00000006c0000000)
AC   0  F    TS     7 PTAMS 0x00000006c0000000 NTAMS 0x00000006c0000000 space 32768K,   0% used [0x00000006c0000000, 0x00000006c2000000)
AC   0  F    TS     7 PTAMS 0x00000006c2000000 NTAMS 0x00000006c2000000 space 32768K,   0% used [0x00000006c2000000, 0x00000006c4000000)
AC   0  F    TS     7 PTAMS 0x00000006c4000000 NTAMS 0x00000006c4000000 space 32768K,   0% used [0x00000006c4000000, 0x00000006c6000000)
AC   0  F    TS     7 PTAMS 0x00000006c6000000 NTAMS 0x00000006c6000000 space 32768K,   0% used [0x00000006c6000000, 0x00000006c8000000)
AC   0  F    TS     7 PTAMS 0x00000006c8000000 NTAMS 0x00000006c8000000 space 32768K,   0% used [0x00000006c8000000, 0x00000006ca000000)
AC   0  F    TS     7 PTAMS 0x00000006ca000000 NTAMS 0x00000006ca000000 space 32768K,   0% used [0x00000006ca000000, 0x00000006cc000000)
AC   0  F    TS     7 PTAMS 0x00000006cc000000 NTAMS 0x00000006cc000000 space 32768K,   0% used [0x00000006cc000000, 0x00000006ce000000)
AC   0  F    TS     7 PTAMS 0x00000006ce000000 NTAMS 0x00000006ce000000 space 32768K,   0% used [0x00000006ce000000, 0x00000006d0000000)
AC   0  F    TS     7 PTAMS 0x00000006d0000000 NTAMS 0x00000006d0000000 space 32768K,   0% used [0x00000006d0000000, 0x00000006d2000000)
AC   0  F    TS     7 PTAMS 0x00000006d2000000 NTAMS 0x00000006d2000000 space 32768K,   0% used [0x00000006d2000000, 0x00000006d4000000)
AC   0  F    TS     9 PTAMS 0x00000006d4000000 NTAMS 0x00000006d4000000 space 32768K,   0% used [0x00000006d4000000, 0x00000006d6000000)
AC   0  F    TS     7 PTAMS 0x00000006d6000000 NTAMS 0x00000006d6000000 space 32768K,   0% used [0x00000006d6000000, 0x00000006d8000000)
AC   0  F    TS     7 PTAMS 0x00000006d8000000 NTAMS 0x00000006d8000000 space 32768K,   0% used [0x00000006d8000000, 0x00000006da000000)
AC   0  F    TS     7 PTAMS 0x00000006da000000 NTAMS 0x00000006da000000 space 32768K,   0% used [0x00000006da000000, 0x00000006dc000000)
AC   0  F    TS     9 PTAMS 0x00000006dc000000 NTAMS 0x00000006dc000000 space 32768K,   0% used [0x00000006dc000000, 0x00000006de000000)
AC   0  F    TS     9 PTAMS 0x00000006de000000 NTAMS 0x00000006de000000 space 32768K,   0% used [0x00000006de000000, 0x00000006e0000000)
AC   0  F    TS     9 PTAMS 0x00000006e0000000 NTAMS 0x00000006e0000000 space 32768K,   0% used [0x00000006e0000000, 0x00000006e2000000)
AC   0  F    TS     9 PTAMS 0x00000006e2000000 NTAMS 0x00000006e2000000 space 32768K,   0% used [0x00000006e2000000, 0x00000006e4000000)
AC   0  F    TS     9 PTAMS 0x00000006e4000000 NTAMS 0x00000006e4000000 space 32768K,   0% used [0x00000006e4000000, 0x00000006e6000000)
AC   0  F    TS     9 PTAMS 0x00000006e6000000 NTAMS 0x00000006e6000000 space 32768K,   0% used [0x00000006e6000000, 0x00000006e8000000)
AC   0  F    TS     9 PTAMS 0x00000006e8000000 NTAMS 0x00000006e8000000 space 32768K,   0% used [0x00000006e8000000, 0x00000006ea000000)
AC   0  F    TS     9 PTAMS 0x00000006ea000000 NTAMS 0x00000006ea000000 space 32768K,   0% used [0x00000006ea000000, 0x00000006ec000000)
AC   0  F    TS     9 PTAMS 0x00000006ec000000 NTAMS 0x00000006ec000000 space 32768K,   0% used [0x00000006ec000000, 0x00000006ee000000)
AC   0  F    TS     9 PTAMS 0x00000006ee000000 NTAMS 0x00000006ee000000 space 32768K,   0% used [0x00000006ee000000, 0x00000006f0000000)
AC   0  F    TS     9 PTAMS 0x00000006f0000000 NTAMS 0x00000006f0000000 space 32768K,   0% used [0x00000006f0000000, 0x00000006f2000000)
AC   0  F    TS     9 PTAMS 0x00000006f2000000 NTAMS 0x00000006f2000000 space 32768K,   0% used [0x00000006f2000000, 0x00000006f4000000)
AC   0  F    TS     9 PTAMS 0x00000006f4000000 NTAMS 0x00000006f4000000 space 32768K,   0% used [0x00000006f4000000, 0x00000006f6000000)
AC   0  F    TS     9 PTAMS 0x00000006f6000000 NTAMS 0x00000006f6000000 space 32768K,   0% used [0x00000006f6000000, 0x00000006f8000000)
AC   0  F    TS     9 PTAMS 0x00000006f8000000 NTAMS 0x00000006f8000000 space 32768K,   0% used [0x00000006f8000000, 0x00000006fa000000)
AC   0  F    TS     9 PTAMS 0x00000006fa000000 NTAMS 0x00000006fa000000 space 32768K,   0% used [0x00000006fa000000, 0x00000006fc000000)
AC   0  F    TS     9 PTAMS 0x00000006fc000000 NTAMS 0x00000006fc000000 space 32768K,   0% used [0x00000006fc000000, 0x00000006fe000000)
AC   0  F    TS     9 PTAMS 0x00000006fe000000 NTAMS 0x00000006fe000000 space 32768K,   0% used [0x00000006fe000000, 0x0000000700000000)
AC   0  F    TS     9 PTAMS 0x0000000700000000 NTAMS 0x0000000700000000 space 32768K,   0% used [0x0000000700000000, 0x0000000702000000)
AC   0  F    TS    11 PTAMS 0x0000000702000000 NTAMS 0x0000000702000000 space 32768K,   0% used [0x0000000702000000, 0x0000000704000000)
AC   0  F    TS     9 PTAMS 0x0000000704000000 NTAMS 0x0000000704000000 space 32768K,   0% used [0x0000000704000000, 0x0000000706000000)
AC   0  F    TS     9 PTAMS 0x0000000706000000 NTAMS 0x0000000706000000 space 32768K,   0% used [0x0000000706000000, 0x0000000708000000)
AC   0  F    TS     9 PTAMS 0x0000000708000000 NTAMS 0x0000000708000000 space 32768K,   0% used [0x0000000708000000, 0x000000070a000000)
AC   0  F    TS    11 PTAMS 0x000000070a000000 NTAMS 0x000000070a000000 space 32768K,   0% used [0x000000070a000000, 0x000000070c000000)
AC   0  F    TS    11 PTAMS 0x000000070c000000 NTAMS 0x000000070c000000 space 32768K,   0% used [0x000000070c000000, 0x000000070e000000)
AC   0  F    TS    11 PTAMS 0x000000070e000000 NTAMS 0x000000070e000000 space 32768K,   0% used [0x000000070e000000, 0x0000000710000000)
AC   0  F    TS    11 PTAMS 0x0000000710000000 NTAMS 0x0000000710000000 space 32768K,   0% used [0x0000000710000000, 0x0000000712000000)
AC   0  F    TS    11 PTAMS 0x0000000712000000 NTAMS 0x0000000712000000 space 32768K,   0% used [0x0000000712000000, 0x0000000714000000)
AC   0  F    TS    11 PTAMS 0x0000000714000000 NTAMS 0x0000000714000000 space 32768K,   0% used [0x0000000714000000, 0x0000000716000000)
AC   0  F    TS    11 PTAMS 0x0000000716000000 NTAMS 0x0000000716000000 space 32768K,   0% used [0x0000000716000000, 0x0000000718000000)
AC   0  F    TS    11 PTAMS 0x0000000718000000 NTAMS 0x0000000718000000 space 32768K,   0% used [0x0000000718000000, 0x000000071a000000)
AC   0  F    TS    11 PTAMS 0x000000071a000000 NTAMS 0x000000071a000000 space 32768K,   0% used [0x000000071a000000, 0x000000071c000000)
AC   0  F    TS    11 PTAMS 0x000000071c000000 NTAMS 0x000000071c000000 space 32768K,   0% used [0x000000071c000000, 0x000000071e000000)
AC   0  F    TS    11 PTAMS 0x000000071e000000 NTAMS 0x000000071e000000 space 32768K,   0% used [0x000000071e000000, 0x0000000720000000)
AC   0  F    TS    11 PTAMS 0x0000000720000000 NTAMS 0x0000000720000000 space 32768K,   0% used [0x0000000720000000, 0x0000000722000000)
AC   0  F    TS    11 PTAMS 0x0000000722000000 NTAMS 0x0000000722000000 space 32768K,   0% used [0x0000000722000000, 0x0000000724000000)
AC   0  F    TS    11 PTAMS 0x0000000724000000 NTAMS 0x0000000724000000 space 32768K,   0% used [0x0000000724000000, 0x0000000726000000)
AC   0  F    TS    11 PTAMS 0x0000000726000000 NTAMS 0x0000000726000000 space 32768K,   0% used [0x0000000726000000, 0x0000000728000000)
AC   0  F    TS    13 PTAMS 0x0000000728000000 NTAMS 0x0000000728000000 space 32768K,   0% used [0x0000000728000000, 0x000000072a000000)
AC   0  F    TS    11 PTAMS 0x000000072a000000 NTAMS 0x000000072a000000 space 32768K,   0% used [0x000000072a000000, 0x000000072c000000)
AC   0  F    TS    11 PTAMS 0x000000072c000000 NTAMS 0x000000072c000000 space 32768K,   0% used [0x000000072c000000, 0x000000072e000000)
AC   0  F    TS    11 PTAMS 0x000000072e000000 NTAMS 0x000000072e000000 space 32768K,   0% used [0x000000072e000000, 0x0000000730000000)
AC   0  F    TS    13 PTAMS 0x0000000730000000 NTAMS 0x0000000730000000 space 32768K,   0% used [0x0000000730000000, 0x0000000732000000)
AC   0  F    TS    13 PTAMS 0x0000000732000000 NTAMS 0x0000000732000000 space 32768K,   0% used [0x0000000732000000, 0x0000000734000000)
AC   0  F    TS    13 PTAMS 0x0000000734000000 NTAMS 0x0000000734000000 space 32768K,   0% used [0x0000000734000000, 0x0000000736000000)
AC   0  F    TS    13 PTAMS 0x0000000736000000 NTAMS 0x0000000736000000 space 32768K,   0% used [0x0000000736000000, 0x0000000738000000)
AC   0  F    TS    13 PTAMS 0x0000000738000000 NTAMS 0x0000000738000000 space 32768K,   0% used [0x0000000738000000, 0x000000073a000000)
AC   0  F    TS    13 PTAMS 0x000000073a000000 NTAMS 0x000000073a000000 space 32768K,   0% used [0x000000073a000000, 0x000000073c000000)
AC   0  F    TS    13 PTAMS 0x000000073c000000 NTAMS 0x000000073c000000 space 32768K,   0% used [0x000000073c000000, 0x000000073e000000)
AC   0  F    TS    13 PTAMS 0x000000073e000000 NTAMS 0x000000073e000000 space 32768K,   0% used [0x000000073e000000, 0x0000000740000000)
AC   0  F    TS    13 PTAMS 0x0000000740000000 NTAMS 0x0000000740000000 space 32768K,   0% used [0x0000000740000000, 0x0000000742000000)
AC   0  F    TS    13 PTAMS 0x0000000742000000 NTAMS 0x0000000742000000 space 32768K,   0% used [0x0000000742000000, 0x0000000744000000)
AC   0  F    TS    13 PTAMS 0x0000000744000000 NTAMS 0x0000000744000000 space 32768K,   0% used [0x0000000744000000, 0x0000000746000000)
AC   0  F    TS    15 PTAMS 0x0000000746000000 NTAMS 0x0000000746000000 space 32768K,   0% used [0x0000000746000000, 0x0000000748000000)
AC   0  F    TS    13 PTAMS 0x0000000748000000 NTAMS 0x0000000748000000 space 32768K,   0% used [0x0000000748000000, 0x000000074a000000)
AC   0  F    TS    13 PTAMS 0x000000074a000000 NTAMS 0x000000074a000000 space 32768K,   0% used [0x000000074a000000, 0x000000074c000000)
AC   0  F    TS    13 PTAMS 0x000000074c000000 NTAMS 0x000000074c000000 space 32768K,   0% used [0x000000074c000000, 0x000000074e000000)
AC   0  F    TS    15 PTAMS 0x000000074e000000 NTAMS 0x000000074e000000 space 32768K,   0% used [0x000000074e000000, 0x0000000750000000)
AC   0  F    TS    15 PTAMS 0x0000000750000000 NTAMS 0x0000000750000000 space 32768K,   0% used [0x0000000750000000, 0x0000000752000000)
AC   0  F    TS    15 PTAMS 0x0000000752000000 NTAMS 0x0000000752000000 space 32768K,   0% used [0x0000000752000000, 0x0000000754000000)
AC   0  F    TS    15 PTAMS 0x0000000754000000 NTAMS 0x0000000754000000 space 32768K,   0% used [0x0000000754000000, 0x0000000756000000)
AC   0  F    TS    15 PTAMS 0x0000000756000000 NTAMS 0x0000000756000000 space 32768K,   0% used [0x0000000756000000, 0x0000000758000000)
AC   0  F    TS    15 PTAMS 0x0000000758000000 NTAMS 0x0000000758000000 space 32768K,   0% used [0x0000000758000000, 0x000000075a000000)
AC   0  F    TS    15 PTAMS 0x000000075a000000 NTAMS 0x000000075a000000 space 32768K,   0% used [0x000000075a000000, 0x000000075c000000)
AC   0  F    TS    15 PTAMS 0x000000075c000000 NTAMS 0x000000075c000000 space 32768K,   0% used [0x000000075c000000, 0x000000075e000000)
AC   0  F    TS    17 PTAMS 0x000000075e000000 NTAMS 0x000000075e000000 space 32768K,   0% used [0x000000075e000000, 0x0000000760000000)
AC   0  F    TS    15 PTAMS 0x0000000760000000 NTAMS 0x0000000760000000 space 32768K,   0% used [0x0000000760000000, 0x0000000762000000)
AC   0  F    TS    15 PTAMS 0x0000000762000000 NTAMS 0x0000000762000000 space 32768K,   0% used [0x0000000762000000, 0x0000000764000000)
AC   0  F    TS    15 PTAMS 0x0000000764000000 NTAMS 0x0000000764000000 space 32768K,   0% used [0x0000000764000000, 0x0000000766000000)
AC   0  F    TS    17 PTAMS 0x0000000766000000 NTAMS 0x0000000766000000 space 32768K,   0% used [0x0000000766000000, 0x0000000768000000)
AC   0  F    TS    17 PTAMS 0x0000000768000000 NTAMS 0x0000000768000000 space 32768K,   0% used [0x0000000768000000, 0x000000076a000000)
AC   0  F    TS    17 PTAMS 0x000000076a000000 NTAMS 0x000000076a000000 space 32768K,   0% used [0x000000076a000000, 0x000000076c000000)
AC   0  F    TS    17 PTAMS 0x000000076c000000 NTAMS 0x000000076c000000 space 32768K,   0% used [0x000000076c000000, 0x000000076e000000)
AC   0  F    TS    17 PTAMS 0x000000076e000000 NTAMS 0x000000076e000000 space 32768K,   0% used [0x000000076e000000, 0x0000000770000000)
AC   0  F    TS    19 PTAMS 0x0000000770000000 NTAMS 0x0000000770000000 space 32768K,   0% used [0x0000000770000000, 0x0000000772000000)
AC   0  F    TS    17 PTAMS 0x0000000772000000 NTAMS 0x0000000772000000 space 32768K,   0% used [0x0000000772000000, 0x0000000774000000)
AC   0  F    TS    17 PTAMS 0x0000000774000000 NTAMS 0x0000000774000000 space 32768K,   0% used [0x0000000774000000, 0x0000000776000000)
AC   0  F    TS    17 PTAMS 0x0000000776000000 NTAMS 0x0000000776000000 space 32768K,   0% used [0x0000000776000000, 0x0000000778000000)
AC   0  F    TS    19 PTAMS 0x0000000778000000 NTAMS 0x0000000778000000 space 32768K,   0% used [0x0000000778000000, 0x000000077a000000)
AC   0  F    TS    19 PTAMS 0x000000077a000000 NTAMS 0x000000077a000000 space 32768K,   0% used [0x000000077a000000, 0x000000077c000000)
AC   0  F    TS    19 PTAMS 0x000000077c000000 NTAMS 0x000000077c000000 space 32768K,   0% used [0x000000077c000000, 0x000000077e000000)
AC   0  F    TS    19 PTAMS 0x000000077e000000 NTAMS 0x000000077e000000 space 32768K,   0% used [0x000000077e000000, 0x0000000780000000)
AC   0  F    TS    21 PTAMS 0x0000000780000000 NTAMS 0x0000000780000000 space 32768K,   0% used [0x0000000780000000, 0x0000000782000000)
AC   0  F    TS    19 PTAMS 0x0000000782000000 NTAMS 0x0000000782000000 space 32768K,   0% used [0x0000000782000000, 0x0000000784000000)
AC   0  F    TS    19 PTAMS 0x0000000784000000 NTAMS 0x0000000784000000 space 32768K,   0% used [0x0000000784000000, 0x0000000786000000)
AC   0  F    TS    19 PTAMS 0x0000000786000000 NTAMS 0x0000000786000000 space 32768K,   0% used [0x0000000786000000, 0x0000000788000000)
AC   0  F    TS    21 PTAMS 0x0000000788000000 NTAMS 0x0000000788000000 space 32768K,   0% used [0x0000000788000000, 0x000000078a000000)
AC   0  F    TS    21 PTAMS 0x000000078a000000 NTAMS 0x000000078a000000 space 32768K,   0% used [0x000000078a000000, 0x000000078c000000)
AC   0  F    TS    23 PTAMS 0x000000078c000000 NTAMS 0x000000078c000000 space 32768K,   0% used [0x000000078c000000, 0x000000078e000000)
AC   0  F    TS    21 PTAMS 0x000000078e000000 NTAMS 0x000000078e000000 space 32768K,   0% used [0x000000078e000000, 0x0000000790000000)
AC   0  F    TS    21 PTAMS 0x0000000790000000 NTAMS 0x0000000790000000 space 32768K,   0% used [0x0000000790000000, 0x0000000792000000)
AC   0  F    TS    21 PTAMS 0x0000000792000000 NTAMS 0x0000000792000000 space 32768K,   0% used [0x0000000792000000, 0x0000000794000000)
AC   0  F    TS    23 PTAMS 0x0000000794000000 NTAMS 0x0000000794000000 space 32768K,   0% used [0x0000000794000000, 0x0000000796000000)
AC   0  F    TS    25 PTAMS 0x0000000796000000 NTAMS 0x0000000796000000 space 32768K,   0% used [0x0000000796000000, 0x0000000798000000)
AC   0  F    TS    23 PTAMS 0x0000000798000000 NTAMS 0x0000000798000000 space 32768K,   0% used [0x0000000798000000, 0x000000079a000000)
AC   0  F    TS    23 PTAMS 0x000000079a000000 NTAMS 0x000000079a000000 space 32768K,   0% used [0x000000079a000000, 0x000000079c000000)
AC   0  F    TS    23 PTAMS 0x000000079c000000 NTAMS 0x000000079c000000 space 32768K,   0% used [0x000000079c000000, 0x000000079e000000)
AC   0  F    TS    27 PTAMS 0x000000079e000000 NTAMS 0x000000079e000000 space 32768K,   0% used [0x000000079e000000, 0x00000007a0000000)
AC   0  F    TS    25 PTAMS 0x00000007a0000000 NTAMS 0x00000007a0000000 space 32768K,   0% used [0x00000007a0000000, 0x00000007a2000000)
AC   0  F    TS    25 PTAMS 0x00000007a2000000 NTAMS 0x00000007a2000000 space 32768K,   0% used [0x00000007a2000000, 0x00000007a4000000)
AC   0  F    TS    29 PTAMS 0x00000007a4000000 NTAMS 0x00000007a4000000 space 32768K,   0% used [0x00000007a4000000, 0x00000007a6000000)
AC   0  F    TS    27 PTAMS 0x00000007a6000000 NTAMS 0x00000007a6000000 space 32768K,   0% used [0x00000007a6000000, 0x00000007a8000000)
AC   0  F    TS    31 PTAMS 0x00000007a8000000 NTAMS 0x00000007a8000000 space 32768K,   0% used [0x00000007a8000000, 0x00000007aa000000)
AC   0  F    TS    27 PTAMS 0x00000007aa000000 NTAMS 0x00000007aa000000 space 32768K,   0% used [0x00000007aa000000, 0x00000007ac000000)
AC   0  F    TS    33 PTAMS 0x00000007ac000000 NTAMS 0x00000007ac000000 space 32768K,   0% used [0x00000007ac000000, 0x00000007ae000000)
AC   0  F    TS    29 PTAMS 0x00000007ae000000 NTAMS 0x00000007ae000000 space 32768K,   0% used [0x00000007ae000000, 0x00000007b0000000)
AC   0  F    TS    35 PTAMS 0x00000007b0000000 NTAMS 0x00000007b0000000 space 32768K,   0% used [0x00000007b0000000, 0x00000007b2000000)
AC   0  F    TS    37 PTAMS 0x00000007b2000000 NTAMS 0x00000007b2000000 space 32768K,   0% used [0x00000007b2000000, 0x00000007b4000000)
AC   0  F    TS    39 PTAMS 0x00000007b4000000 NTAMS 0x00000007b4000000 space 32768K,   0% used [0x00000007b4000000, 0x00000007b6000000)
AC   0  S CS TS   125 PTAMS 0x00000007b6000000 NTAMS 0x00000007b6000000 space 32768K, 100% used [0x00000007b6000000, 0x00000007b8000000)
AC   0  F    TS   123 PTAMS 0x00000007b8000000 NTAMS 0x00000007b8000000 space 32768K,   0% used [0x00000007b8000000, 0x00000007ba000000)
AC   0  F    TS    37 PTAMS 0x00000007ba000000 NTAMS 0x00000007ba000000 space 32768K,   0% used [0x00000007ba000000, 0x00000007bc000000)
AC   0  E    TS    39 PTAMS 0x00000007bc000000 NTAMS 0x00000007bc000000 space 32768K,  17% used [0x00000007bc000000, 0x00000007be000000)
AC   0  E CS TS    41 PTAMS 0x00000007be000000 NTAMS 0x00000007be000000 space 32768K, 100% used [0x00000007be000000, 0x00000007c0000000)

Card table byte_map: [0x00000000149d0000,0x0000000015520000] byte_map_base: 0x0000000011720000

Marking Bits (Prev, Next): (CMBitMap*) 0x00000000030b6c18, (CMBitMap*) 0x00000000030b6c70
 Prev Bits: [0x0000000016070000, 0x000000001baf0000)
 Next Bits: [0x000000001baf0000, 0x0000000021570000)

Polling page: 0x0000000001260000

CodeCache: size=245760Kb used=23706Kb max_used=23706Kb free=222053Kb
 bounds [0x0000000003140000, 0x0000000004890000, 0x0000000012140000]
 total_blobs=7220 nmethods=6237 adapters=894
 compilation: enabled

Compilation events (10 events):
Event: 48.236 Thread 0x00000000257e6000 nmethod 8586 0x0000000004871150 code [0x00000000048712e0, 0x0000000004871ec8]
Event: 48.236 Thread 0x00000000257e6000 8625       4       com.google.common.collect.ImmutableList::iterator (5 bytes)
Event: 48.238 Thread 0x00000000257ef000 nmethod 8639 0x00000000048725d0 code [0x0000000004872a80, 0x0000000004875838]
Event: 48.239 Thread 0x00000000257e6000 nmethod 8625 0x000000000486ecd0 code [0x000000000486ee40, 0x000000000486f028]
Event: 48.239 Thread 0x00000000257e6000 8556   !   4       java.util.jar.JarVerifier::processEntry (528 bytes)
Event: 48.242 Thread 0x00000000257ef000 8643       3       net.minecraftforge.client.model.b3d.B3DLoader::accepts (34 bytes)
Event: 48.243 Thread 0x00000000257ef000 nmethod 8643 0x000000000486d690 code [0x000000000486d820, 0x000000000486dd08]
Event: 48.243 Thread 0x00000000257ef000 8644       3       slimeknights.tconstruct.library.client.model.MaterialModelLoader::accepts (11 bytes)
Event: 48.243 Thread 0x00000000257ef000 nmethod 8644 0x000000000486cf50 code [0x000000000486d0e0, 0x000000000486d4b8]
Event: 48.243 Thread 0x00000000257ef000 8645       3       vazkii.botania.client.model.SpecialFlowerModel$Loader$1::accepts (54 bytes)

GC Heap History (10 events):
Event: 45.172 GC heap before
{Heap before GC invocations=142 (full 0):
 garbage-first heap   total 5931008K, used 1072223K [0x0000000656000000, 0x00000006580005a8, 0x00000007c0000000)
  region size 32768K, 4 young (131072K), 1 survivors (32768K)
 Metaspace       used 79069K, capacity 80479K, committed 81024K, reserved 1118208K
  class space    used 12378K, capacity 12928K, committed 12928K, reserved 1048576K
Event: 45.184 GC heap after
Heap after GC invocations=143 (full 0):
 garbage-first heap   total 5931008K, used 982258K [0x0000000656000000, 0x00000006580005a8, 0x00000007c0000000)
  region size 32768K, 1 young (32768K), 1 survivors (32768K)
 Metaspace       used 79069K, capacity 80479K, committed 81024K, reserved 1118208K
  class space    used 12378K, capacity 12928K, committed 12928K, reserved 1048576K
}
Event: 45.681 GC heap before
{Heap before GC invocations=143 (full 0):
 garbage-first heap   total 5931008K, used 1080562K [0x0000000656000000, 0x00000006580005a8, 0x00000007c0000000)
  region size 32768K, 4 young (131072K), 1 survivors (32768K)
 Metaspace       used 80101K, capacity 81549K, committed 82048K, reserved 1118208K
  class space    used 12546K, capacity 13095K, committed 13184K, reserved 1048576K
Event: 45.702 GC heap after
Heap after GC invocations=144 (full 0):
 garbage-first heap   total 5931008K, used 983556K [0x0000000656000000, 0x00000006580005a8, 0x00000007c0000000)
  region size 32768K, 1 young (32768K), 1 survivors (32768K)
 Metaspace       used 80101K, capacity 81549K, committed 82048K, reserved 1118208K
  class space    used 12546K, capacity 13095K, committed 13184K, reserved 1048576K
}
Event: 46.337 GC heap before
{Heap before GC invocations=144 (full 0):
 garbage-first heap   total 5931008K, used 1081860K [0x0000000656000000, 0x00000006580005a8, 0x00000007c0000000)
  region size 32768K, 4 young (131072K), 1 survivors (32768K)
 Metaspace       used 81024K, capacity 82645K, committed 83072K, reserved 1118208K
  class space    used 12730K, capacity 13345K, committed 13440K, reserved 1048576K
Event: 46.367 GC heap after
Heap after GC invocations=145 (full 0):
 garbage-first heap   total 5931008K, used 988981K [0x0000000656000000, 0x00000006580005a8, 0x00000007c0000000)
  region size 32768K, 1 young (32768K), 1 survivors (32768K)
 Metaspace       used 81024K, capacity 82645K, committed 83072K, reserved 1118208K
  class space    used 12730K, capacity 13345K, committed 13440K, reserved 1048576K
}
Event: 47.780 GC heap before
{Heap before GC invocations=145 (full 0):
 garbage-first heap   total 5931008K, used 1087285K [0x0000000656000000, 0x00000006580005a8, 0x00000007c0000000)
  region size 32768K, 4 young (131072K), 1 survivors (32768K)
 Metaspace       used 81208K, capacity 82781K, committed 83328K, reserved 1120256K
  class space    used 12745K, capacity 13347K, committed 13440K, reserved 1048576K
Event: 47.793 GC heap after
Heap after GC invocations=146 (full 0):
 garbage-first heap   total 5931008K, used 983452K [0x0000000656000000, 0x00000006580005a8, 0x00000007c0000000)
  region size 32768K, 1 young (32768K), 1 survivors (32768K)
 Metaspace       used 81208K, capacity 82781K, committed 83328K, reserved 1120256K
  class space    used 12745K, capacity 13347K, committed 13440K, reserved 1048576K
}
Event: 48.083 GC heap before
{Heap before GC invocations=146 (full 0):
 garbage-first heap   total 5931008K, used 1081756K [0x0000000656000000, 0x00000006580005a8, 0x00000007c0000000)
  region size 32768K, 4 young (131072K), 1 survivors (32768K)
 Metaspace       used 81649K, capacity 83289K, committed 83840K, reserved 1120256K
  class space    used 12795K, capacity 13383K, committed 13440K, reserved 1048576K
Event: 48.102 GC heap after
Heap after GC invocations=147 (full 0):
 garbage-first heap   total 5931008K, used 1004517K [0x0000000656000000, 0x00000006580005a8, 0x00000007c0000000)
  region size 32768K, 1 young (32768K), 1 survivors (32768K)
 Metaspace       used 81649K, capacity 83289K, committed 83840K, reserved 1120256K
  class space    used 12795K, capacity 13383K, committed 13440K, reserved 1048576K
}

Deoptimization events (10 events):
Event: 48.126 Thread 0x0000000003043800 Uncommon trap: reason=class_check action=maybe_recompile pc=0x00000000037a5bec method=com.google.common.collect.AbstractMapBasedMultimap$AsMap$AsMapIterator.next()Ljava/util/Map$Entry; @ 4
Event: 48.133 Thread 0x0000000003043800 Uncommon trap: reason=null_check action=make_not_entrant pc=0x000000000481925c method=com.google.gson.JsonPrimitive.isPrimitiveOrString(Ljava/lang/Object;)Z @ 39
Event: 48.144 Thread 0x0000000003043800 Uncommon trap: reason=class_check action=maybe_recompile pc=0x0000000003e04ecc method=com.google.common.collect.ImmutableList.iterator()Ljava/util/Iterator; @ 1
Event: 48.144 Thread 0x0000000003043800 Uncommon trap: reason=class_check action=maybe_recompile pc=0x0000000003e04ecc method=com.google.common.collect.ImmutableList.iterator()Ljava/util/Iterator; @ 1
Event: 48.147 Thread 0x0000000003043800 Uncommon trap: reason=class_check action=maybe_recompile pc=0x0000000003e04ecc method=com.google.common.collect.ImmutableList.iterator()Ljava/util/Iterator; @ 1
Event: 48.147 Thread 0x0000000003043800 Uncommon trap: reason=class_check action=maybe_recompile pc=0x0000000003e04ecc method=com.google.common.collect.ImmutableList.iterator()Ljava/util/Iterator; @ 1
Event: 48.201 Thread 0x0000000003043800 Uncommon trap: reason=class_check action=maybe_recompile pc=0x0000000004300448 method=com.google.common.collect.Lists.newArrayList(Ljava/lang/Iterable;)Ljava/util/ArrayList; @ 27
Event: 48.221 Thread 0x0000000003043800 Uncommon trap: reason=class_check action=maybe_recompile pc=0x0000000004300448 method=com.google.common.collect.Lists.newArrayList(Ljava/lang/Iterable;)Ljava/util/ArrayList; @ 27
Event: 48.232 Thread 0x0000000003043800 Uncommon trap: reason=class_check action=maybe_recompile pc=0x0000000004300448 method=com.google.common.collect.Lists.newArrayList(Ljava/lang/Iterable;)Ljava/util/ArrayList; @ 27
Event: 48.242 Thread 0x0000000003043800 Uncommon trap: reason=class_check action=maybe_recompile pc=0x0000000004300448 method=com.google.common.collect.Lists.newArrayList(Ljava/lang/Iterable;)Ljava/util/ArrayList; @ 27

Internal exceptions (10 events):
Event: 46.170 Thread 0x0000000003043800 Exception <a 'java/lang/IncompatibleClassChangeError': Found class java.lang.Object, but interface was expected> (0x00000007baaf82f8) thrown at [C:\re\workspace\8-2-build-windows-amd64-cygwin\jdk8u51\3951\hotspot\src\share\vm\interpreter\linkResolver.cpp, ðè5,üH@
Event: 48.125 Thread 0x0000000003043800 Exception <a 'java/lang/IncompatibleClassChangeError': Found class java.lang.Object, but interface was expected> (0x00000007be334cc8) thrown at [C:\re\workspace\8-2-build-windows-amd64-cygwin\jdk8u51\3951\hotspot\src\share\vm\interpreter\linkResolver.cpp, 5*p²H@
Event: 48.125 Thread 0x0000000003043800 Exception <a 'java/lang/IncompatibleClassChangeError': Found class java.lang.Object, but interface was expected> (0x00000007be33a6c8) thrown at [C:\re\workspace\8-2-build-windows-amd64-cygwin\jdk8u51\3951\hotspot\src\share\vm\interpreter\linkResolver.cpp, ”@”yõH@
Event: 48.148 Thread 0x000000002b8b4000 Exception <a 'java/lang/InterruptedException': sleep interrupted> (0x00000007be841310) thrown at [C:\re\workspace\8-2-build-windows-amd64-cygwin\jdk8u51\3951\hotspot\src\share\vm\prims\jvm.cpp, line 3211]
Event: 48.186 Thread 0x000000002b8b4000 Exception <a 'java/security/PrivilegedActionException'> (0x00000007bf252d20) thrown at [C:\re\workspace\8-2-build-windows-amd64-cygwin\jdk8u51\3951\hotspot\src\share\vm\prims\jvm.cpp, line 1382]
Event: 48.186 Thread 0x000000002b8b4000 Exception <a 'java/security/PrivilegedActionException'> (0x00000007bf2540e0) thrown at [C:\re\workspace\8-2-build-windows-amd64-cygwin\jdk8u51\3951\hotspot\src\share\vm\prims\jvm.cpp, line 1382]
Event: 48.186 Thread 0x000000002b8b4000 Exception <a 'java/security/PrivilegedActionException'> (0x00000007bf255a80) thrown at [C:\re\workspace\8-2-build-windows-amd64-cygwin\jdk8u51\3951\hotspot\src\share\vm\prims\jvm.cpp, line 1382]
Event: 48.186 Thread 0x000000002b8b4000 Exception <a 'java/security/PrivilegedActionException'> (0x00000007bf257150) thrown at [C:\re\workspace\8-2-build-windows-amd64-cygwin\jdk8u51\3951\hotspot\src\share\vm\prims\jvm.cpp, line 1382]
Event: 48.186 Thread 0x000000002b8b4000 Exception <a 'java/security/PrivilegedActionException'> (0x00000007bf258498) thrown at [C:\re\workspace\8-2-build-windows-amd64-cygwin\jdk8u51\3951\hotspot\src\share\vm\prims\jvm.cpp, line 1382]
Event: 48.186 Thread 0x000000002b8b4000 Exception <a 'java/security/PrivilegedActionException'> (0x00000007bf259940) thrown at [C:\re\workspace\8-2-build-windows-amd64-cygwin\jdk8u51\3951\hotspot\src\share\vm\prims\jvm.cpp, line 1382]

Events (10 events):
Event: 48.239 loading class org/lwjgl/openal/ALCdevice done
Event: 48.241 loading class org/lwjgl/openal/ALCcontext
Event: 48.241 loading class org/lwjgl/openal/ALCcontext done
Event: 48.242 Thread 0x0000000003043800 Uncommon trap: trap_request=0xffffffde fr.pc=0x0000000004300448
Event: 48.242 Thread 0x0000000003043800 DEOPT PACKING pc=0x0000000004300448 sp=0x000000000303e280
Event: 48.242 Thread 0x0000000003043800 DEOPT UNPACKING pc=0x000000000318582a sp=0x000000000303e298 mode 2
Event: 48.242 loading class org/lwjgl/openal/Util
Event: 48.242 loading class org/lwjgl/openal/Util done
Event: 48.243 loading class org/lwjgl/openal/OpenALException
Event: 48.243 loading class org/lwjgl/openal/OpenALException done


Dynamic libraries:
0x00007ff780990000 - 0x00007ff7809c7000 	C:\Program Files\Java\jre1.8.0_51\bin\javaw.exe
0x00007ffac4290000 - 0x00007ffac4486000 	C:\Windows\SYSTEM32\ntdll.dll
0x00007ffac4190000 - 0x00007ffac424d000 	C:\Windows\System32\KERNEL32.DLL
0x00007ffac1f70000 - 0x00007ffac2239000 	C:\Windows\System32\KERNELBASE.dll
0x00007ffac3b20000 - 0x00007ffac3bcc000 	C:\Windows\System32\ADVAPI32.dll
0x00007ffac40b0000 - 0x00007ffac414e000 	C:\Windows\System32\msvcrt.dll
0x00007ffac22f0000 - 0x00007ffac238c000 	C:\Windows\System32\sechost.dll
0x00007ffac2bc0000 - 0x00007ffac2ceb000 	C:\Windows\System32\RPCRT4.dll
0x00007ffac3d80000 - 0x00007ffac3f20000 	C:\Windows\System32\USER32.dll
0x00007ffac1ea0000 - 0x00007ffac1ec2000 	C:\Windows\System32\win32u.dll
0x00007ffac4150000 - 0x00007ffac417a000 	C:\Windows\System32\GDI32.dll
0x00007ffac1d90000 - 0x00007ffac1e9b000 	C:\Windows\System32\gdi32full.dll
0x00007ffac1ed0000 - 0x00007ffac1f6d000 	C:\Windows\System32\msvcp_win.dll
0x00007ffac1c00000 - 0x00007ffac1d00000 	C:\Windows\System32\ucrtbase.dll
0x00007ffaa0650000 - 0x00007ffaa08eb000 	C:\Windows\WinSxS\amd64_microsoft.windows.common-controls_6595b64144ccf1df_6.0.19041.746_none_ca02b4b61b8320a4\COMCTL32.dll
0x00007ffac3200000 - 0x00007ffac3230000 	C:\Windows\System32\IMM32.DLL
0x0000000073520000 - 0x00000000735f2000 	C:\Program Files\Java\jre1.8.0_51\bin\msvcr100.dll
0x0000000072c90000 - 0x0000000073513000 	C:\Program Files\Java\jre1.8.0_51\bin\server\jvm.dll
0x00007ffac4180000 - 0x00007ffac4188000 	C:\Windows\System32\PSAPI.DLL
0x00007ffab0c20000 - 0x00007ffab0c29000 	C:\Windows\SYSTEM32\WSOCK32.dll
0x00007ffabc4b0000 - 0x00007ffabc4ba000 	C:\Windows\SYSTEM32\VERSION.dll
0x00007ffaa4190000 - 0x00007ffaa41b7000 	C:\Windows\SYSTEM32\WINMM.dll
0x00007ffac3360000 - 0x00007ffac33cb000 	C:\Windows\System32\WS2_32.dll
0x0000000072c80000 - 0x0000000072c8f000 	C:\Program Files\Java\jre1.8.0_51\bin\verify.dll
0x0000000072c50000 - 0x0000000072c79000 	C:\Program Files\Java\jre1.8.0_51\bin\java.dll
0x0000000072c30000 - 0x0000000072c46000 	C:\Program Files\Java\jre1.8.0_51\bin\zip.dll
0x00007ffac33d0000 - 0x00007ffac3b13000 	C:\Windows\System32\SHELL32.dll
0x00007ffabfb50000 - 0x00007ffac02df000 	C:\Windows\SYSTEM32\windows.storage.dll
0x00007ffac2ea0000 - 0x00007ffac31f6000 	C:\Windows\System32\combase.dll
0x00007ffac13c0000 - 0x00007ffac13ec000 	C:\Windows\SYSTEM32\Wldp.dll
0x00007ffac2390000 - 0x00007ffac243e000 	C:\Windows\System32\SHCORE.dll
0x00007ffac3f20000 - 0x00007ffac3f75000 	C:\Windows\System32\shlwapi.dll
0x00007ffac1900000 - 0x00007ffac1926000 	C:\Windows\SYSTEM32\profapi.dll
0x0000000072c20000 - 0x0000000072c2d000 	C:\Program Files\Java\jre1.8.0_51\bin\management.dll
0x0000000072a60000 - 0x0000000072a7a000 	C:\Program Files\Java\jre1.8.0_51\bin\net.dll
0x00007ffac10e0000 - 0x00007ffac114a000 	C:\Windows\system32\mswsock.dll
0x00007ffa79680000 - 0x00007ffa79697000 	C:\Windows\system32\napinsp.dll
0x00007ffa79660000 - 0x00007ffa7967b000 	C:\Windows\system32\pnrpnsp.dll
0x00007ffa9fe00000 - 0x00007ffa9fe15000 	C:\Windows\system32\wshbth.dll
0x00007ffabd5f0000 - 0x00007ffabd60d000 	C:\Windows\system32\NLAapi.dll
0x00007ffac0dd0000 - 0x00007ffac0e0b000 	C:\Windows\SYSTEM32\IPHLPAPI.DLL
0x00007ffac0e10000 - 0x00007ffac0edb000 	C:\Windows\SYSTEM32\DNSAPI.dll
0x00007ffac3bd0000 - 0x00007ffac3bd8000 	C:\Windows\System32\NSI.dll
0x00007ffa79640000 - 0x00007ffa79652000 	C:\Windows\System32\winrnr.dll
0x00007ffab6db0000 - 0x00007ffab6e2f000 	C:\Windows\System32\fwpuclnt.dll
0x00007ffac1d60000 - 0x00007ffac1d87000 	C:\Windows\System32\bcrypt.dll
0x00007ffab6be0000 - 0x00007ffab6bea000 	C:\Windows\System32\rasadhlp.dll
0x0000000072a40000 - 0x0000000072a51000 	C:\Program Files\Java\jre1.8.0_51\bin\nio.dll
0x0000000071440000 - 0x0000000071457000 	C:\Program Files\Java\jre1.8.0_51\bin\unpack.dll
0x0000000180000000 - 0x0000000180053000 	C:\Users\User\AppData\Roaming\.minecraft\versions\kd\natives\lwjgl64.dll
0x00007ffaa8620000 - 0x00007ffaa8745000 	C:\Windows\SYSTEM32\OPENGL32.dll
0x00007ffab1dd0000 - 0x00007ffab1dfc000 	C:\Windows\SYSTEM32\GLU32.dll
0x00007ffac12c0000 - 0x00007ffac12d8000 	C:\Windows\SYSTEM32\CRYPTSP.dll
0x00007ffac0a80000 - 0x00007ffac0ab4000 	C:\Windows\system32\rsaenh.dll
0x00007ffac18c0000 - 0x00007ffac18ee000 	C:\Windows\SYSTEM32\USERENV.dll
0x00007ffac1b80000 - 0x00007ffac1c00000 	C:\Windows\System32\bcryptprimitives.dll
0x00007ffac12b0000 - 0x00007ffac12bc000 	C:\Windows\SYSTEM32\CRYPTBASE.dll
0x0000000072a80000 - 0x0000000072c18000 	C:\Program Files\Java\jre1.8.0_51\bin\awt.dll
0x00007ffac3f80000 - 0x00007ffac404d000 	C:\Windows\System32\OLEAUT32.dll
0x00007ffabf2c0000 - 0x00007ffabf350000 	C:\Windows\SYSTEM32\apphelp.dll
0x00007ffabb530000 - 0x00007ffabb5de000 	C:\Windows\SYSTEM32\mscms.dll
0x00007ffabb450000 - 0x00007ffabb461000 	C:\Windows\SYSTEM32\ColorAdapterClient.dll
0x00007ffabf950000 - 0x00007ffabf962000 	C:\Windows\SYSTEM32\kernel.appcore.dll
0x00007ffac3bf0000 - 0x00007ffac3c99000 	C:\Windows\System32\clbcatq.dll
0x00007ffabf490000 - 0x00007ffabf52e000 	C:\Windows\system32\uxtheme.dll
0x00007ffac2a40000 - 0x00007ffac2b56000 	C:\Windows\System32\MSCTF.dll
0x00007ffab9830000 - 0x00007ffab992b000 	C:\Windows\SYSTEM32\textinputframework.dll
0x00007ffabefb0000 - 0x00007ffabf0a2000 	C:\Windows\System32\CoreMessaging.dll
0x00007ffabec50000 - 0x00007ffabefae000 	C:\Windows\System32\CoreUIComponents.dll
0x00007ffac0710000 - 0x00007ffac0743000 	C:\Windows\SYSTEM32\ntmarta.dll
0x00007ffabe580000 - 0x00007ffabe6d4000 	C:\Windows\SYSTEM32\wintypes.dll
0x00007ffa82c60000 - 0x00007ffa83c25000 	C:\Windows\System32\DriverStore\FileRepository\iigd_dch.inf_amd64_a086f01cc7be643a\ig9icd64.dll
0x00007ffac3230000 - 0x00007ffac335a000 	C:\Windows\System32\ole32.dll
0x00007ffabf660000 - 0x00007ffabf68f000 	C:\Windows\system32\dwmapi.dll
0x00007ffac0320000 - 0x00007ffac0413000 	C:\Windows\system32\dxgi.dll
0x00007ffab6690000 - 0x00007ffab68cf000 	C:\Windows\System32\DriverStore\FileRepository\iigd_dch.inf_amd64_a086f01cc7be643a\igdgmm64.dll
0x00007ffa8f690000 - 0x00007ffa8f6d3000 	C:\Windows\SYSTEM32\icm32.dll
0x00007ffa82840000 - 0x00007ffa82c55000 	C:\Windows\System32\DriverStore\FileRepository\iigd_dch.inf_amd64_a086f01cc7be643a\igdml64.dll
0x00007ffab3a20000 - 0x00007ffab6682000 	C:\Windows\System32\DriverStore\FileRepository\iigd_dch.inf_amd64_a086f01cc7be643a\igc64.dll
0x00007ffac1780000 - 0x00007ffac17cb000 	C:\Windows\SYSTEM32\powrprof.dll
0x00007ffac1700000 - 0x00007ffac1712000 	C:\Windows\SYSTEM32\UMPDC.dll
0x00007ffa8f040000 - 0x00007ffa8f082000 	C:\Users\User\AppData\Local\Temp\jna-2645995\jna5308060679344123.dll
0x0000000072a10000 - 0x0000000072a34000 	C:\Program Files\Java\jre1.8.0_51\bin\sunec.dll
0x00000000334e0000 - 0x0000000033544000 	C:\Users\User\AppData\Roaming\.minecraft\versions\kd\natives\OpenAL64.dll
0x00007ffa9f0c0000 - 0x00007ffa9f15c000 	C:\Windows\SYSTEM32\dsound.dll
0x00007ffaa5580000 - 0x00007ffaa55a6000 	C:\Windows\SYSTEM32\winmmbase.dll
0x00007ffabbcb0000 - 0x00007ffabbd35000 	C:\Windows\System32\MMDevApi.dll
0x00007ffac1720000 - 0x00007ffac174c000 	C:\Windows\System32\DEVOBJ.dll
0x00007ffac19d0000 - 0x00007ffac1a1e000 	C:\Windows\System32\cfgmgr32.dll
0x00007ffabbf00000 - 0x00007ffabc083000 	C:\Windows\SYSTEM32\AUDIOSES.DLL
0x00007ffaadd20000 - 0x00007ffaadf04000 	C:\Windows\SYSTEM32\dbghelp.dll

VM Arguments:
jvm_args: -Djava.net.preferIPv4Stack=true -Xmn128M -Xmx5775M -Djava.library.path=C:\Users\User\AppData\Roaming\.minecraft\versions\kd\natives -Dminecraft.applet.TargetDirectory=C:\Users\User\AppData\Roaming\.minecraft\versions\kd -XX:+UnlockExperimentalVMOptions -XX:+UseG1GC -XX:G1NewSizePercent=20 -XX:G1ReservePercent=20 -XX:MaxGCPauseMillis=50 -XX:G1HeapRegionSize=32M -Dfml.ignoreInvalidMinecraftCertificates=true -Dfml.ignorePatchDiscrepancies=true -DLibLoader.modsFolder=C:\Users\User\AppData\Roaming\.minecraft\versions\kd\mods 
java_command: net.minecraft.launchwrapper.Launch --username kah3vich --version kd --gameDir C:\Users\User\AppData\Roaming\.minecraft\versions\kd --assetsDir C:\Users\User\AppData\Roaming\.minecraft\assets --assetIndex 1.12 --uuid f2c2ebd5-630b-11eb-9b92-d45d64bce613 --accessToken null --userType mojang --tweakClass net.minecraftforge.fml.common.launcher.FMLTweaker --versionType Forge --width 925 --height 530
java_class_path (initial): C:\Users\User\AppData\Roaming\.minecraft\libraries\net\minecraftforge\forge\1.12.2-14.23.5.2855\forge-1.12.2-14.23.5.2855.jar;C:\Users\User\AppData\Roaming\.minecraft\libraries\org\ow2\asm\asm-debug-all\5.2\asm-debug-all-5.2.jar;C:\Users\User\AppData\Roaming\.minecraft\libraries\net\minecraft\launchwrapper\1.12\launchwrapper-1.12.jar;C:\Users\User\AppData\Roaming\.minecraft\libraries\org\jline\jline\3.5.1\jline-3.5.1.jar;C:\Users\User\AppData\Roaming\.minecraft\libraries\com\typesafe\akka\akka-actor_2.11\2.3.3\akka-actor_2.11-2.3.3.jar;C:\Users\User\AppData\Roaming\.minecraft\libraries\com\typesafe\config\1.2.1\config-1.2.1.jar;C:\Users\User\AppData\Roaming\.minecraft\libraries\org\scala-lang\scala-actors-migration_2.11\1.1.0\scala-actors-migration_2.11-1.1.0.jar;C:\Users\User\AppData\Roaming\.minecraft\libraries\org\scala-lang\scala-compiler\2.11.1\scala-compiler-2.11.1.jar;C:\Users\User\AppData\Roaming\.minecraft\libraries\org\scala-lang\plugins\scala-continuations-library_2.11\1.0.2_mc\scala-continuations-library_2.11-1.0.2_mc.jar;C:\Users\User\AppData\Roaming\.minecraft\libraries\org\scala-lang\plugins\scala-continuations-plugin_2.11.1\1.0.2_mc\scala-continuations-plugin_2.11.1-1.0.2_mc.jar;C:\Users\User\AppData\Roaming\.minecraft\libraries\org\scala-lang\scala-library\2.11.1\scala-library-2.11.1.jar;C:\Users\User\AppData\Roaming\.minecraft\libraries\org\scala-lang\scala-parser-combinators_2.11\1.0.1\scala-parser-combinators_2.11-1.0.1.jar;C:\Users\User\AppData\Roaming\.minecraft\libraries\org\scala-lang\scala-reflect\2.11.1\scala-reflect-2.11.1.jar;C:\Users\User\AppData\Roaming\.minecraft\libraries\org\scala-lang\scala-swing_2.11\1.0.1\scala-swing_2.11-1.0.1.jar;C:\Users\User\AppData\Roaming\.minecraft\libraries\org\scala-lang\scala-xml_2.11\1.0.2\scala-xml_2.11-1.0.2.jar;C:\Users\User\AppData\Roaming\.minecraft\libraries\lzma\lzma\0.0.1\lzma-0.0.1.jar;C:\Users\User\AppData\Roaming\.minecraft\libraries\java3d\vecmath\1.5.2\vecmath-1
Launcher Type: SUN_STANDARD

Environment Variables:
PATH=C:\ProgramData\Oracle\Java\javapath;C:\Windows\system32;C:\Windows;C:\Windows\System32\Wbem;C:\Windows\System32\WindowsPowerShell\v1.0\;C:\Windows\System32\OpenSSH\;C:\Program Files\Git\cmd;C:\Program Files\nodejs\;C:\Users\User\AppData\Local\Microsoft\WindowsApps;;C:\Users\User\AppData\Local\Programs\Microsoft VS Code\bin;C:\Users\User\AppData\Roaming\npm;C:\Program Files\Java\jre1.8.0_51\bin
USERNAME=User
OS=Windows_NT
PROCESSOR_IDENTIFIER=Intel64 Family 6 Model 165 Stepping 3, GenuineIntel



---------------  S Y S T E M  ---------------

OS: Windows 10.0 , 64 bit Build 19041 (10.0.19041.662)

CPU:total 8 (4 cores per cpu, 2 threads per core) family 6 model 165 stepping 3, cmov, cx8, fxsr, mmx, sse, sse2, sse3, ssse3, sse4.1, sse4.2, popcnt, avx, avx2, aes, clmul, erms, 3dnowpref, lzcnt, ht, tsc, tscinvbit, bmi1, bmi2, adx

Memory: 4k page, physical 8223800k(744792k free), swap 19258308k(2173604k free)

vm_info: Java HotSpot(TM) 64-Bit Server VM (25.51-b03) for windows-amd64 JRE (1.8.0_51-b16), built on Jun  8 2015 18:03:07 by "java_re" with MS VC++ 10.0 (VS2010)

time: Sat Jan 30 23:17:36 2021
elapsed time: 48 seconds (0d 0h 0m 48s)

