[15:21:20] [Client thread/INFO] [JMLogger] JourneyMap log initialized.
[15:21:20] [Client thread/INFO] [JourneymapClient] initialize ENTER
[15:21:20] [Client thread/WARN] [PropertiesBase] core (Initialized) Bad configField entry during updateFrom(): optionsManagerViewed=null
[15:21:20] [Client thread/WARN] [PropertiesBase] core (Initialized) Bad configField entry during updateFrom(): splashViewed=null
[15:21:20] [Client thread/INFO] [?] Version: JourneyMap 1.12.2-5.7.1, built with Forge 14.23.5.2768
Forge: 14.23.5.2855
Environment: os.name, os.arch, java.version, user.country, user.language=null, game language=ru_ru, locale=ru_ru
Features: 
	RadarPlayers : singleplayer = true , multiplayer = true
	RadarAnimals : singleplayer = true , multiplayer = true
	RadarMobs : singleplayer = true , multiplayer = true
	RadarVillagers : singleplayer = true , multiplayer = true
	MapTopo : singleplayer = true , multiplayer = true
	MapSurface : singleplayer = true , multiplayer = true
	MapCaves : singleplayer = true , multiplayer = true
MiniMapProperties{state=Valid, file=journeymap.minimap.config, configVersion=5.7.1, zoomLevel=0, showPlayers=true, frameAlpha=100, compassFontScale=2, terrainAlpha=100, showEntityNames=true, enabled=true, showPlayerHeading=true, showVillagers=true, info2Label=Игровое время, sizePercent=30, showDayNight=true, info3Label=Кординаты, showMobs=true, showPets=true, preferredMapType=day, showCompass=true, mobDisplay=Маленький точки, showReticle=true, orientation=Север, systemTimeRealFormat=HH:mm:ss, shape=Окружность, showSelf=true, info4Label=Биом, locationFormat=xzyv, playerDisplay=Маленький точки, showGrid=true, reticleOrientation=Компас, gameTimeRealFormat=HH:mm:ss, showWaypoints=true, showCaves=true, showAnimals=true, showMobHeading=true, showWaypointLabels=true, locationFormatVerbose=true, position=Вверху справа, info1Label=Пустой, fontScale=2}
MiniMapProperties{state=Valid, file=journeymap.minimap2.config, configVersion=5.7.1, zoomLevel=0, showPlayers=true, frameAlpha=100, compassFontScale=2, terrainAlpha=100, showEntityNames=true, enabled=true, showPlayerHeading=true, showVillagers=true, info2Label=Игровое время, sizePercent=30, showDayNight=true, info3Label=Кординаты, showMobs=true, showPets=true, preferredMapType=day, showCompass=true, mobDisplay=Маленький точки, showReticle=true, orientation=Север, systemTimeRealFormat=HH:mm:ss, shape=Прямоугольник, showSelf=true, info4Label=Биом, locationFormat=xzyv, playerDisplay=Маленький точки, showGrid=true, reticleOrientation=Компас, gameTimeRealFormat=HH:mm:ss, showWaypoints=true, showCaves=true, showAnimals=true, showMobHeading=true, showWaypointLabels=true, locationFormatVerbose=true, position=Вверху справа, info1Label=Пустой, fontScale=2}
FullMapProperties{state=Valid, file=journeymap.fullmap.config, configVersion=5.7.1, mobDisplay=Маленький точки, zoomLevel=0, showPlayers=true, showSelf=true, locationFormat=xzyv, playerDisplay=Маленький точки, showGrid=true, showEntityNames=true, showPlayerHeading=true, showVillagers=true, showWaypoints=true, showCaves=true, showAnimals=true, showMobHeading=true, showKeys=true, showWaypointLabels=true, locationFormatVerbose=true, showMobs=true, showPets=true, fontScale=2, preferredMapType=day}
WaypointProperties{state=Valid, file=journeymap.waypoint.config, configVersion=5.7.1, autoRemoveDeathpointDistance=2, createDeathpoints=true, showName=true, dateFormat=MM-dd-yyyy, autoRemoveDeathpoints=false, maxDistance=0, autoHideLabel=true, teleportCommand=/tp {name} {x} {y} {z}, showStaticBeam=true, minDistance=4, timeFormat=HH:mm:ss, boldLabel=false, textureSmall=true, showDeathpointlabel=true, showDistance=true, showRotatingBeam=true, fontScale=2, showTexture=true, managerEnabled=true, beaconEnabled=true}
WebMapProperties{state=Valid, file=journeymap.webmap.config, configVersion=5.7.1, zoomLevel=0, showWaypoints=true, showCaves=true, showSelf=true, port=8080, showGrid=true, showEntityNames=true, enabled=false, preferredMapType=day}
CoreProperties{state=Valid, file=journeymap.core.config, configVersion=5.7.1, verboseColorPalette=false, maxPlayersData=32, mapSurfaceAboveCaves=true, optionsManagerViewed=null, announceMod=true, colorPassive=#bbbbbb, renderOverlayEventTypeName=ALL, mapBlendWater=false, renderDistanceSurfaceMax=7, radarVerticalDistance=16, mapBlendGrass=true, recordCacheStats=false, hideSneakingEntities=true, revealShape=Окружность, alwaysMapSurface=false, colorVillager=#88e188, mapPlants=false, colorPet=#0077ff, radarLateralDistance=64, mapBathymetry=false, mapCrops=true, maxMobsData=32, mapPlantShadows=false, alwaysMapCaves=false, checkUpdates=true, browserPoll=2000, mapBlendFoliage=true, mappingEnabled=true, colorPlayer=#ffffff, tileHighDisplayQuality=true, cacheVillagersData=2200, logLevel=INFO, maxVillagersData=32, maxAnimalsData=32, mapTransparency=true, tileRenderType=1, caveIgnoreGlass=true, mapTopography=true, renderDistanceCaveMax=3, mapAntialiasing=true, colorSelf=#0000ff, cachePlayersData=2000, cacheMobsData=3000, cachePlayerData=1000, splashViewed=null, colorHostile=#ff0000, cacheAnimalsData=3100, themeName=OceanMonument, mapCaveLighting=true, renderDelay=2, renderOverlayPreEvent=true, autoMapPoll=2000}
[15:21:20] [Client thread/INFO] [ClientAPI] [ClientAPI] built with JourneyMap API 1.4
[15:21:20] [Client thread/INFO] [PluginHelper] Initializing plugins with Client API: journeymap.client.api.impl.ClientAPI
[15:21:20] [Client thread/INFO] [JourneymapClient] initialize EXIT, elapsed count 0 avg ?ms
[15:21:23] [Client thread/DEBUG] [JourneymapClient] postInitialize ENTER
[15:21:23] [Client thread/DEBUG] [EventHandlerManager] Handler registered: journeymap.client.forge.event.KeyEventHandler
[15:21:23] [Client thread/DEBUG] [EventHandlerManager] Handler registered: journeymap.client.forge.event.ChatEventHandler
[15:21:23] [Client thread/DEBUG] [EventHandlerManager] Handler registered: journeymap.client.forge.event.StateTickHandler
[15:21:23] [Client thread/DEBUG] [EventHandlerManager] Handler registered: journeymap.client.forge.event.WorldEventHandler
[15:21:23] [Client thread/DEBUG] [EventHandlerManager] Handler registered: journeymap.client.forge.event.WaypointBeaconHandler
[15:21:23] [Client thread/DEBUG] [EventHandlerManager] Handler registered: journeymap.client.forge.event.TextureAtlasHandler
[15:21:23] [Client thread/DEBUG] [EventHandlerManager] Handler registered: journeymap.client.forge.event.MiniMapOverlayHandler
[15:21:23] [Client thread/DEBUG] [EventHandlerManager] Handler registered: journeymap.client.forge.event.PlayerConnectHandler
[15:21:23] [Client thread/DEBUG] [EventHandlerManager] Handler registered: journeymap.client.world.ChunkMonitor
[15:21:23] [Client thread/INFO] [IconSetFileHandler] Added entity icons from journeymap:icon/entity. Success: false
[15:21:23] [Client thread/TRACE] [ThemeLoader] Initializing themes ...
[15:21:24] [Client thread/INFO] [ThemeLoader] Preloaded theme textures: 73
[15:21:24] [Client thread/DEBUG] [JourneymapClient] postInitialize EXIT, elapsed§8 count §r1§8 avg §r776.37§8ms§r
[15:22:03] [Client thread/WARN] [PropertiesBase] core (Initialized) Bad configField entry during updateFrom(): optionsManagerViewed=null
[15:22:03] [Client thread/WARN] [PropertiesBase] core (Initialized) Bad configField entry during updateFrom(): splashViewed=null
[15:22:03] [Client thread/INFO] [WaypointStore] Loaded 1 waypoints from C:\Users\User\AppData\Roaming\.minecraft\versions\2BAF\journeymap\data\sp\2BAF map\waypoints
[15:22:03] [Client thread/INFO] [JourneymapClient] Mapping started in C:\Users\User\AppData\Roaming\.minecraft\versions\2BAF\journeymap\data\sp\2BAF map\DIM0. Memory: 4384MB total, 3128MB free 
[15:22:03] [Client thread/INFO] [ChatLog] JourneyMap: Нажмите [J].
[15:26:13] [Client thread/INFO] [StateTickHandler] kah3vich died at BlockPos{x=181, y=66, z=163}. Deathpoints enabled: true. Deathpoint created: true
[15:27:10] [Client thread/INFO] [JourneymapClient] Mapping halted in C:\Users\User\AppData\Roaming\.minecraft\versions\2BAF\journeymap\data\sp\2BAF map\DIM0
